<?xml version="1.0" encoding="UTF-8"?>
<testng-results ignored="0" total="1" passed="1" failed="0" skipped="0">
  <reporter-output>
  </reporter-output>
  <suite started-at="2023-06-21T07:11:23 IST" name="Suite" finished-at="2023-06-21T07:11:36 IST" duration-ms="13065">
    <groups>
    </groups>
    <test started-at="2023-06-21T07:11:23 IST" name="Test" finished-at="2023-06-21T07:11:36 IST" duration-ms="13065">
      <class name="com.saucelab.testCases.SauceCompleteTest">
        <test-method is-config="true" signature="setUp()[pri:0, instance:com.saucelab.testCases.SauceCompleteTest@5d7148e2]" started-at="2023-06-21T07:11:24 IST" name="setUp" finished-at="2023-06-21T07:11:32 IST" duration-ms="8039" status="PASS">
          <reporter-output>
          </reporter-output>
        </test-method> <!-- setUp -->
        <test-method signature="login()[pri:0, instance:com.saucelab.testCases.SauceCompleteTest@5d7148e2]" started-at="2023-06-21T07:11:32 IST" name="login" finished-at="2023-06-21T07:11:35 IST" duration-ms="3639" status="PASS">
          <reporter-output>
          </reporter-output>
        </test-method> <!-- login -->
        <test-method is-config="true" signature="tearDown()[pri:0, instance:com.saucelab.testCases.SauceCompleteTest@5d7148e2]" started-at="2023-06-21T07:11:35 IST" name="tearDown" finished-at="2023-06-21T07:11:36 IST" duration-ms="505" status="PASS">
          <reporter-output>
          </reporter-output>
        </test-method> <!-- tearDown -->
      </class> <!-- com.saucelab.testCases.SauceCompleteTest -->
    </test> <!-- Test -->
  </suite> <!-- Suite -->
</testng-results>
