<?xml version="1.0" encoding="UTF-8"?>
<testng-results skipped="0" failed="0" ignored="0" total="1" passed="1">
  <reporter-output>
  </reporter-output>
  <suite name="Suite" duration-ms="15559" started-at="2023-06-20T01:44:53Z" finished-at="2023-06-20T01:45:08Z">
    <groups>
    </groups>
    <test name="Test" duration-ms="15559" started-at="2023-06-20T01:44:53Z" finished-at="2023-06-20T01:45:08Z">
      <class name="com.saucelab.testCases.SauceCompleteTest">
        <test-method status="PASS" signature="setUp()[pri:0, instance:com.saucelab.testCases.SauceCompleteTest@18eed359]" name="setUp" is-config="true" duration-ms="8539" started-at="2023-06-20T01:44:53Z" finished-at="2023-06-20T01:45:02Z">
          <reporter-output>
          </reporter-output>
        </test-method> <!-- setUp -->
        <test-method status="PASS" signature="login()[pri:0, instance:com.saucelab.testCases.SauceCompleteTest@18eed359]" name="login" duration-ms="4951" started-at="2023-06-20T01:45:02Z" finished-at="2023-06-20T01:45:07Z">
          <reporter-output>
          </reporter-output>
        </test-method> <!-- login -->
        <test-method status="PASS" signature="tearDown()[pri:0, instance:com.saucelab.testCases.SauceCompleteTest@18eed359]" name="tearDown" is-config="true" duration-ms="1347" started-at="2023-06-20T01:45:07Z" finished-at="2023-06-20T01:45:08Z">
          <reporter-output>
          </reporter-output>
        </test-method> <!-- tearDown -->
      </class> <!-- com.saucelab.testCases.SauceCompleteTest -->
    </test> <!-- Test -->
  </suite> <!-- Suite -->
</testng-results>
